<?xml version="1.0" encoding="UTF-8"?>
<!-- Generated by org.testng.reporters.JUnitXMLReporter -->
<testsuite ignored="0" hostname="macs-MacBook-Pro.local" failures="2" tests="2" name="Test" time="46.328" errors="0" timestamp="2022-03-27T17:54:09 PKT">
  <testcase classname="SeleniumFramework.HomePage" name="validateSignin" time="18.267">
    <failure type="java.lang.AssertionError" message="null">
      <![CDATA[java.lang.AssertionError: null
at SeleniumFramework.HomePage.validateSignin(HomePage.java:49)
at java.base/java.util.ArrayList.forEach(ArrayList.java:1511)
... Removed 33 stack frames]]>
    </failure>
  </testcase> <!-- validateSignin -->
  <testcase classname="SeleniumFramework.ValidateTitle" name="Validate" time="26.177">
    <failure type="java.lang.AssertionError" message="null">
      <![CDATA[java.lang.AssertionError: null
at SeleniumFramework.ValidateTitle.Validate(ValidateTitle.java:36)
at java.base/java.util.ArrayList.forEach(ArrayList.java:1511)
... Removed 33 stack frames]]>
    </failure>
  </testcase> <!-- Validate -->
</testsuite> <!-- Test -->
